"../../../../Users/fapoc/Documents/assettest/MyProject/Content/FirstPerson/Character/Mesh/SK_Mannequin_Arms_Skeleton.uasset" 0
"../../../../Users/fapoc/Documents/assettest/MyProject/Content/FirstPerson/Animations/FirstPerson_Fire.uasset" 1
"../../../../Users/fapoc/Documents/assettest/MyProject/Content/FirstPerson/Animations/FirstPersonFire_Montage.uasset" 2
"../../../../Users/fapoc/Documents/assettest/MyProject/Content/FirstPerson/Audio/FirstPersonTemplateWeaponFire02.uasset" 3
"../../../../Users/fapoc/Documents/assettest/MyProject/Content/FirstPerson/Animations/FirstPerson_Idle.uasset" 4
"../../../../Users/fapoc/Documents/assettest/MyProject/Content/FirstPerson/Animations/FirstPerson_JumpEnd.uasset" 5
"../../../../Users/fapoc/Documents/assettest/MyProject/Content/FirstPerson/Animations/FirstPerson_JumpLoop.uasset" 6
"../../../../Users/fapoc/Documents/assettest/MyProject/Content/FirstPerson/Animations/FirstPerson_JumpStart.uasset" 7
"../../../../Users/fapoc/Documents/assettest/MyProject/Content/FirstPerson/Animations/FirstPerson_Run.uasset" 8
"../../../Engine/Content/EditorBlueprintResources/StandardMacros.uasset" 9
"../../../../Users/fapoc/Documents/assettest/MyProject/Content/FirstPerson/Animations/FirstPerson_AnimBP.uasset" 10
"../../../../Users/fapoc/Documents/assettest/MyProject/Content/FirstPerson/Character/Mesh/FirstPersonAnimBlueprint_Copy.uasset" 11
"../../../Engine/Content/Functions/Engine_MaterialFunctions02/Utility/BlendAngleCorrectedNormals.uasset" 12
"../../../Engine/Content/Functions/MaterialLayerFunctions/MatLayerBlend_NormalBlend.uasset" 13
"../../../Engine/Content/Functions/MaterialLayerFunctions/MatLayerBlend_Simple.uasset" 14
"../../../../Users/fapoc/Documents/assettest/MyProject/Content/FirstPerson/Character/Materials/MaterialLayers/T_ML_Rubber_Blue_01_D.uasset" 15
"../../../../Users/fapoc/Documents/assettest/MyProject/Content/FirstPerson/Character/Materials/MaterialLayers/T_ML_Rubber_Blue_01_N.uasset" 16
"../../../../Users/fapoc/Documents/assettest/MyProject/Content/FirstPerson/Character/Materials/MaterialLayers/ML_GlossyBlack_Latex_UE4.uasset" 17
"../../../../Users/fapoc/Documents/assettest/MyProject/Content/FirstPerson/Character/Materials/MaterialLayers/ML_Plastic_Shiny_Beige.uasset" 18
"../../../../Users/fapoc/Documents/assettest/MyProject/Content/FirstPerson/Character/Textures/UE4_LOGO_CARD.uasset" 19
"../../../../Users/fapoc/Documents/assettest/MyProject/Content/FirstPerson/Character/Materials/MaterialLayers/ML_Plastic_Shiny_Beige_LOGO.uasset" 20
"../../../../Users/fapoc/Documents/assettest/MyProject/Content/FirstPerson/Character/Materials/MaterialLayers/T_ML_Aluminum01.uasset" 21
"../../../../Users/fapoc/Documents/assettest/MyProject/Content/FirstPerson/Character/Materials/MaterialLayers/T_ML_Aluminum01_N.uasset" 22
"../../../../Users/fapoc/Documents/assettest/MyProject/Content/FirstPerson/Character/Materials/MaterialLayers/ML_SoftMetal_UE4.uasset" 23
"../../../../Users/fapoc/Documents/assettest/MyProject/Content/FirstPerson/Character/Textures/UE4_Mannequin__normals.uasset" 24
"../../../../Users/fapoc/Documents/assettest/MyProject/Content/FirstPerson/Character/Textures/UE4_Mannequin_MAT_MASKA.uasset" 25
"../../../../Users/fapoc/Documents/assettest/MyProject/Content/FirstPerson/Character/Materials/M_UE4Man_Body.uasset" 26
"../../../../Users/fapoc/Documents/assettest/MyProject/Content/FirstPerson/Character/Mesh/SK_Mannequin_Arms_PhysicsAsset.uasset" 27
"../../../../Users/fapoc/Documents/assettest/MyProject/Content/FirstPerson/Character/Mesh/SK_Mannequin_Arms.uasset" 28
"../../../../Users/fapoc/Documents/assettest/MyProject/Content/FirstPerson/FPWeapon/Materials/MaterialLayers/ML_Plastic_Shiny_Beige_LOGO.uasset" 29
"../../../../Users/fapoc/Documents/assettest/MyProject/Content/FirstPerson/FPWeapon/Materials/MaterialLayers/T_ML_FineRubber.uasset" 30
"../../../../Users/fapoc/Documents/assettest/MyProject/Content/FirstPerson/FPWeapon/Materials/MaterialLayers/T_ML_Rubber_Blue_01_D.uasset" 31
"../../../../Users/fapoc/Documents/assettest/MyProject/Content/FirstPerson/FPWeapon/Materials/MaterialLayers/T_ML_Rubber_Blue_01_N.uasset" 32
"../../../../Users/fapoc/Documents/assettest/MyProject/Content/FirstPerson/FPWeapon/Materials/MaterialLayers/ML_GlossyBlack_Latex_UE4.uasset" 33
"../../../../Users/fapoc/Documents/assettest/MyProject/Content/FirstPerson/FPWeapon/Materials/MaterialLayers/ML_Plastic_Shiny_Beige.uasset" 34
"../../../../Users/fapoc/Documents/assettest/MyProject/Content/FirstPerson/FPWeapon/Materials/MaterialLayers/ML_Screen.uasset" 35
"../../../../Users/fapoc/Documents/assettest/MyProject/Content/FirstPerson/FPWeapon/Materials/MaterialLayers/T_ML_Aluminum01.uasset" 36
"../../../../Users/fapoc/Documents/assettest/MyProject/Content/FirstPerson/FPWeapon/Materials/MaterialLayers/T_ML_Aluminum01_N.uasset" 37
"../../../../Users/fapoc/Documents/assettest/MyProject/Content/FirstPerson/FPWeapon/Materials/MaterialLayers/ML_SoftMetal_UE4.uasset" 38
"../../../../Users/fapoc/Documents/assettest/MyProject/Content/FirstPerson/FPWeapon/Textures/T_FPGun_M.uasset" 39
"../../../../Users/fapoc/Documents/assettest/MyProject/Content/FirstPerson/FPWeapon/Textures/T_FPGun_N.uasset" 40
"../../../../Users/fapoc/Documents/assettest/MyProject/Content/FirstPerson/FPWeapon/Materials/M_FPGun.uasset" 41
"../../../../Users/fapoc/Documents/assettest/MyProject/Content/FirstPerson/FPWeapon/Mesh/SK_FPGun_Skeleton.uasset" 42
"../../../../Users/fapoc/Documents/assettest/MyProject/Content/FirstPerson/FPWeapon/Mesh/SK_FPGun.uasset" 43
"../../../../Users/fapoc/Documents/assettest/MyProject/Content/FirstPerson/FPWeapon/Mesh/SK_FPGun_PhysicsAsset.uasset" 44
"../../../../Users/fapoc/Documents/assettest/MyProject/Content/FirstPersonBP/FirstPersonOverview.uasset" 45
"../../../../Users/fapoc/Documents/assettest/MyProject/Content/FirstPerson/Meshes/BaseMaterial.uasset" 46
"../../../../Users/fapoc/Documents/assettest/MyProject/Content/FirstPerson/Meshes/FirstPersonProjectileMaterial.uasset" 47
"../../../../Users/fapoc/Documents/assettest/MyProject/Content/FirstPerson/Meshes/FirstPersonProjectileMesh.uasset" 48
"../../../../Users/fapoc/Documents/assettest/MyProject/Content/FirstPersonBP/Blueprints/FirstPersonProjectile.uasset" 49
"../../../../Users/fapoc/Documents/assettest/MyProject/Content/Geometry/Meshes/CubeMaterial.uasset" 50
"../../../../Users/fapoc/Documents/assettest/MyProject/Content/Geometry/Meshes/1M_Cube_Chamfer.uasset" 51
"../../../../Users/fapoc/Documents/assettest/MyProject/Content/Geometry/Meshes/TemplateFloor.uasset" 52
"../../../Engine/Content/Animation/DefaultAnimBoneCompressionSettings.uasset" 53
"../../../../Users/fapoc/Documents/assettest/MyProject/Content/TestAnim/Rumba_Dancing_Skeleton.uasset" 54
"../../../../Users/fapoc/Documents/assettest/MyProject/Content/TestAnim/Rumba_Dancing_Anim_Take_001.uasset" 55
"../../../Engine/Content/Animation/DefaultAnimCurveCompressionSettings.uasset" 56
"../../../Engine/Content/Functions/Engine_MaterialFunctions01/Opacity/CameraDepthFade.uasset" 57
"../../../Engine/Content/EngineMaterials/T_Default_Material_Grid_M.uasset" 58
"../../../Engine/Content/EngineMaterials/T_Default_Material_Grid_N.uasset" 59
"../../../Engine/Content/EngineMaterials/WorldGridMaterial.uasset" 60
"../../../Engine/Content/ArtTools/RenderToTexture/Meshes/S_1_Unit_Plane.uasset" 61
"../../../Engine/Content/EngineMaterials/DefaultMaterial.uasset" 62
"../../../Engine/Content/BasicShapes/Cone.uasset" 63
"../../../Engine/Content/BasicShapes/Cube.uasset" 64
"../../../Engine/Content/BasicShapes/Cylinder.uasset" 65
"../../../Engine/Content/BasicShapes/Plane.uasset" 66
"../../../Engine/Content/BasicShapes/Sphere.uasset" 67
"../../../Engine/Content/EditorLandscapeResources/DataLayer.uasset" 68
"../../../Engine/Content/EditorMaterials/MAT_Groups_Toggle.uasset" 69
"../../../Engine/Content/EditorMaterials/MAT_Groups_Visibility.uasset" 70
"../../../Engine/Content/EditorMaterials/PreviewShadowIndicator.uasset" 71
"../../../Engine/Content/EditorMaterials/PreviewShadowIndicatorMaterial.uasset" 72
"../../../Engine/Content/EditorMaterials/MatineeGroups/MAT_ColorTrack.uasset" 73
"../../../Engine/Content/EditorMaterials/MatineeGroups/MAT_Groups_Anim.uasset" 74
"../../../Engine/Content/EditorMaterials/MatineeGroups/MAT_Groups_AudioMaster.uasset" 75
"../../../Engine/Content/EditorMaterials/MatineeGroups/MAT_Groups_Director.uasset" 76
"../../../Engine/Content/EditorMaterials/MatineeGroups/MAT_Groups_Event.uasset" 77
"../../../Engine/Content/EditorMaterials/MatineeGroups/MAT_Groups_Fade.uasset" 78
"../../../Engine/Content/EditorMaterials/MatineeGroups/MAT_Groups_Float.uasset" 79
"../../../Engine/Content/EditorMaterials/MatineeGroups/MAT_Groups_Move.uasset" 80
"../../../Engine/Content/EditorMaterials/MatineeGroups/MAT_Groups_Slomo.uasset" 81
"../../../Engine/Content/EditorMaterials/MatineeGroups/MAT_Groups_Sound.uasset" 82
"../../../Engine/Content/EditorMaterials/MatineeGroups/MAT_Groups_Vector.uasset" 83
"../../../Engine/Content/EditorMaterials/ParticleSystems/PSysThumbnail_NoImage.uasset" 84
"../../../Engine/Content/EditorMaterials/ParticleSystems/PSysThumbnail_OOD.uasset" 85
"../../../Engine/Content/EditorMaterials/Camera/CineMat.uasset" 86
"../../../Engine/Content/EditorMaterials/Camera/MI_CineMat_Rig.uasset" 87
"../../../Engine/Content/EditorMeshes/Camera/SM_CraneRig_Arm.uasset" 88
"../../../Engine/Content/EditorMeshes/Camera/SM_CraneRig_Base.uasset" 89
"../../../Engine/Content/EditorMeshes/Camera/SM_CraneRig_Body.uasset" 90
"../../../Engine/Content/EditorMeshes/Camera/SM_CraneRig_Mount.uasset" 91
"../../../Engine/Content/EditorMeshes/Camera/SM_RailRig_Mount.uasset" 92
"../../../Engine/Content/EditorMeshes/Camera/SM_RailRig_Track.uasset" 93
"../../../Engine/Content/EditorResources/BSPVertex.uasset" 94
"../../../Engine/Content/EditorResources/EmptyActor.uasset" 95
"../../../Engine/Content/EditorResources/S_Actor.uasset" 96
"../../../Engine/Content/EditorResources/S_Note.uasset" 97
"../../../Engine/Content/EditorResources/S_Solver.uasset" 98
"../../../Engine/Content/EditorResources/S_Trigger.uasset" 99
"../../../Engine/Content/EditorResources/LightIcons/S_LightError.uasset" 100
"../../../Engine/Content/EditorResources/SequenceRecorder/Countdown.uasset" 101
"../../../Engine/Content/EditorResources/SequenceRecorder/RecordingIndicator.uasset" 102
"../../../Engine/Content/EditorSounds/Notifications/CompileFailed.uasset" 103
"../../../Engine/Content/EditorSounds/Notifications/CompileFailed_Cue.uasset" 104
"../../../Engine/Content/EditorSounds/Notifications/CompileSuccess.uasset" 105
"../../../Engine/Content/EditorSounds/Notifications/CompileStart_Cue.uasset" 106
"../../../Engine/Content/EditorSounds/Notifications/CompileSuccess_Cue.uasset" 107
"../../../Engine/Content/EngineDamageTypes/DmgTypeBP_Environmental.uasset" 108
"../../../Engine/Content/EngineDebugMaterials/DebugEditorMaterial.uasset" 109
"../../../Engine/Content/EngineDebugMaterials/DebugMeshMaterial.uasset" 110
"../../../Engine/Content/EngineDebugMaterials/M_SimpleUnlitTranslucent.uasset" 111
"../../../Engine/Content/Functions/Engine_MaterialFunctions02/Utility/CameraDirectionVector.uasset" 112
"../../../Engine/Content/EngineDebugMaterials/VolumeToRender.uasset" 113
"../../../Engine/Content/EngineDebugMaterials/M_VolumeRenderSphereTracePP.uasset" 114
"../../../Engine/Content/EngineDebugMaterials/WireframeMaterial.uasset" 115
"../../../Engine/Content/EngineFonts/Faces/DroidSansFallback.uasset" 116
"../../../Engine/Content/EngineFonts/Faces/RobotoBold.uasset" 117
"../../../Engine/Content/EngineFonts/Faces/RobotoBoldItalic.uasset" 118
"../../../Engine/Content/EngineFonts/Faces/RobotoItalic.uasset" 119
"../../../Engine/Content/EngineFonts/Faces/RobotoLight.uasset" 120
"../../../Engine/Content/EngineFonts/Faces/RobotoRegular.uasset" 121
"../../../Engine/Content/EngineFonts/Roboto.uasset" 122
"../../../Engine/Content/EngineMaterials/BaseFlattenDiffuseMap.uasset" 123
"../../../Engine/Content/EngineMaterials/BaseFlattenEmissiveMap.uasset" 124
"../../../Engine/Content/EngineMaterials/BaseFlattenGrayscaleMap.uasset" 125
"../../../Engine/Content/EngineMaterials/BaseFlattenNormalMap.uasset" 126
"../../../Engine/Content/EngineMaterials/BaseFlattenMaterial.uasset" 127
"../../../Engine/Content/EngineMaterials/BlueNoise.uasset" 128
"../../../Engine/Content/EngineMaterials/DefaultBloomKernel.uasset" 129
"../../../Engine/Content/EngineMaterials/DefaultBokeh.uasset" 130
"../../../Engine/Content/EngineMaterials/DefaultDiffuse.uasset" 131
"../../../Engine/Content/EngineMaterials/DefaultDeferredDecalMaterial.uasset" 132
"../../../Engine/Content/EngineMaterials/DefaultLightFunctionMaterial.uasset" 133
"../../../Engine/Content/EngineMaterials/DefaultPhysicalMaterial.uasset" 134
"../../../Engine/Content/Functions/Engine_MaterialFunctions02/Utility/BreakOutFloat2Components.uasset" 135
"../../../Engine/Content/EngineMaterials/DefaultPostProcessMaterial.uasset" 136
"../../../Engine/Content/EngineFonts/RobotoDistanceField.uasset" 137
"../../../Engine/Content/EngineMaterials/DefaultTextMaterialOpaque.uasset" 138
"../../../Engine/Content/EngineMaterials/DefaultWhiteGrid.uasset" 139
"../../../Engine/Content/EngineMaterials/DefaultWhiteGrid_Low.uasset" 140
"../../../Engine/Content/EngineMaterials/EmissiveMeshMaterial.uasset" 141
"../../../Engine/Content/EngineMaterials/GizmoMaterial.uasset" 142
"../../../Engine/Content/EngineMaterials/Good64x64TilingNoiseHighFreq.uasset" 143
"../../../Engine/Content/EngineMaterials/MiniFont.uasset" 144
"../../../Engine/Content/EngineMaterials/InvalidLightmapSettings.uasset" 145
"../../../Engine/Content/EngineMaterials/M_InvalidLightmapSettings.uasset" 146
"../../../Engine/Content/Functions/Engine_MaterialFunctions02/WorldPositionOffset/CameraOffset.uasset" 147
"../../../Engine/Content/EngineMaterials/PhAT_JointLimitMaterial.uasset" 148
"../../../Engine/Content/EngineMaterials/PreintegratedSkinBRDF.uasset" 149
"../../../Engine/Content/EngineMaterials/RemoveSurfaceMaterial.uasset" 150
"../../../Engine/Content/EngineMaterials/WeightMapPlaceholderTexture.uasset" 151
"../../../Engine/Content/EngineResources/WhiteSquareTexture.uasset" 152
"../../../Engine/Content/EngineMaterials/Widget3DPassThrough.uasset" 153
"../../../Engine/Content/EngineMaterials/Widget3DPassThrough_Masked.uasset" 154
"../../../Engine/Content/EngineMaterials/Widget3DPassThrough_Opaque.uasset" 155
"../../../Engine/Content/EngineMaterials/Widget3DPassThrough_Masked_OneSided.uasset" 156
"../../../Engine/Content/EngineMaterials/Widget3DPassThrough_Opaque_OneSided.uasset" 157
"../../../Engine/Content/EngineMaterials/Widget3DPassThrough_Translucent.uasset" 158
"../../../Engine/Content/EngineMaterials/Widget3DPassThrough_Translucent_OneSided.uasset" 159
"../../../Engine/Content/EngineMeshes/Cylinder.uasset" 160
"../../../Engine/Content/EngineMeshes/Sphere.uasset" 161
"../../../Engine/Content/EngineResources/Black.uasset" 162
"../../../Engine/Content/EngineResources/DefaultTexture.uasset" 163
"../../../Engine/Content/EngineResources/DefaultTextureCube.uasset" 164
"../../../Engine/Content/EngineResources/DefaultVolumeTexture2D.uasset" 165
"../../../Engine/Content/EngineResources/DefaultVolumeTexture.uasset" 166
"../../../Engine/Content/EngineResources/GradientTexture0.uasset" 167
"../../../Engine/Content/EngineSounds/Master.uasset" 168
"../../../Engine/Content/Functions/Engine_MaterialFunctions01/Shading/ConvertFromDiffSpec.uasset" 169
"../../../Engine/Content/Functions/Engine_MaterialFunctions01/Shading/PowerToRoughness.uasset" 170
"../../../Engine/Content/Maps/Templates/Thumbnails/Default.uasset" 171
"../../../Engine/Content/Maps/Templates/Thumbnails/TimeOfDay.uasset" 172
"../../../Engine/Content/Maps/Templates/Thumbnails/VR-Basic.uasset" 173
"../../../Engine/Content/MobileResources/T_MobileControls_texture.uasset" 174
"../../../Engine/Content/MobileResources/T_MobileMenu2.uasset" 175
"../../../Engine/Content/MobileResources/HUD/AnalogHat.uasset" 176
"../../../Engine/Content/MobileResources/HUD/VirtualJoystick_Background.uasset" 177
"../../../Engine/Content/MobileResources/HUD/VirtualJoystick_Thumb.uasset" 178
"../../../Engine/Content/MobileResources/HUD/DefaultVirtualJoysticks.uasset" 179
"../../../Engine/Content/MobileResources/HUD/LeftVirtualJoystickOnly.uasset" 180
"../../../Engine/Content/MobileResources/HUD/MobileHUDButton1_off.uasset" 181
"../../../Engine/Content/MobileResources/HUD/MobileHUDButton1_on.uasset" 182
"../../../Engine/Content/MobileResources/HUD/MobileHUDButton2_off.uasset" 183
"../../../Engine/Content/MobileResources/HUD/MobileHUDButton2_on.uasset" 184
"../../../Engine/Content/MobileResources/HUD/MobileHUDButton3.uasset" 185
"../../../Engine/Content/MobileResources/HUD/MobileHUDButtonFire.uasset" 186
"../../../Engine/Content/MobileResources/HUD/MobileHUDDirectionPad.uasset" 187
"../../../Engine/Content/MobileResources/HUD/MobileHUDDirectionPad2.uasset" 188
"../../../Engine/Content/MobileResources/HUD/MobileHUDDirectionPad3.uasset" 189
"../../../Engine/Content/MobileResources/HUD/MobileHUDDirectionStick.uasset" 190
"../../../Engine/Content/MobileResources/HUD/T_Castle_ThumbstickInner.uasset" 191
"../../../Engine/Content/MobileResources/HUD/T_Castle_ThumbstickOutter.uasset" 192
"../../../Engine/Content/Tutorial/ContentIntroCurve.uasset" 193
"../../../Engine/Content/Tutorial/Basics/LevelEditorAttract.uasset" 194
"../../../Engine/Content/Tutorial/Basics/TutorialAssets/icon_tab_Levels_40x.uasset" 195
"../../../Engine/Content/Tutorial/Basics/LevelEditorOverview.uasset" 196
"../../../Engine/Content/Tutorial/BlueprintTutorials/TutorialAssets/Blueprint_64x.uasset" 197
"../../../Engine/Content/Tutorial/BlueprintTutorials/BlueprintEditorTutorial.uasset" 198
"../../../Engine/Content/VREditor/LaserPointer/VR_LaserPower_01.uasset" 199
"../../../Engine/Content/VREditor/TransformGizmo/TransformGizmoMaterial.uasset" 200
"../../../Engine/Content/VREditor/TransformGizmo/TranslucentTransformGizmoMaterial.uasset" 201
"../../../Engine/Content/VREditor/TransformGizmo/BoundingBoxCorner.uasset" 202
"../../../Engine/Content/VREditor/TransformGizmo/BoundingBoxEdge.uasset" 203
"../../../Engine/Content/VREditor/TransformGizmo/PlaneTranslationHandle.uasset" 204
"../../../Engine/Content/VREditor/TransformGizmo/Main.uasset" 205
"../../../Engine/Content/VREditor/TransformGizmo/Xray.uasset" 206
"../../../Engine/Content/VREditor/TransformGizmo/SM_Sequencer_Key.uasset" 207
"../../../Engine/Content/VREditor/TransformGizmo/SM_Sequencer_Node.uasset" 208
"../../Plugins/2D/Paper2D/Content/PlaceholderTextures/DummySpriteTexture.uasset" 209
"../../Plugins/2D/Paper2D/Content/DummySprite.uasset" 210
"../../Plugins/2D/Paper2D/Content/DefaultPaperTerrainMaterial.uasset" 211
"../../Plugins/2D/Paper2D/Content/DefaultSpriteMaterial.uasset" 212
"../../Plugins/2D/Paper2D/Content/MaskedUnlitSpriteMaterial.uasset" 213
"../../Plugins/2D/Paper2D/Content/OpaqueUnlitSpriteMaterial.uasset" 214
"../../Plugins/FX/Niagara/Content/Enums/ENiagaraBooleanLogicOps.uasset" 215
"../../Plugins/FX/Niagara/Content/Enums/ENiagaraCoordinateSpace.uasset" 216
"../../Plugins/FX/Niagara/Content/Enums/ENiagaraExpansionMode.uasset" 217
"../../Plugins/FX/Niagara/Content/Enums/ENiagaraOrientationAxis.uasset" 218
"../../Plugins/FX/Niagara/Content/Enums/ENiagaraRandomnessMode.uasset" 219
"../../../Engine/Content/Functions/Engine_MaterialFunctions02/Utility/BreakOutFloat4Components.uasset" 220
"../../../Engine/Content/Functions/Engine_MaterialFunctions02/Utility/MakeFloat2.uasset" 221
"../../../Engine/Content/Functions/Engine_MaterialFunctions02/Utility/MakeFloat3.uasset" 222
"../../Plugins/Runtime/Oculus/OculusVR/Content/Materials/OculusMR_ChromaKey.uasset" 223
"../../Plugins/Runtime/Oculus/OculusVR/Content/Materials/OculusMR_ChromaKey_Lit.uasset" 224
"../../Plugins/Runtime/Oculus/OculusVR/Content/Materials/OculusMR_OpaqueColoredMaterial.uasset" 225
"../../Plugins/Runtime/Oculus/OculusVR/Content/Materials/OculusMR_WhiteMaterial.uasset" 226
"../../../../Users/fapoc/Documents/assettest/MyProject/Content/TestAnim/Rumba_Dancing_Anim_mixamo_com.uasset" 227
"../../../../Users/fapoc/Documents/assettest/MyProject/Content/FirstPersonBP/Blueprints/FirstPersonCharacter.uasset" 228
"../../../Engine/Content/EngineSky/C_Sky_Cloud_Color.uasset" 229
"../../../Engine/Content/EngineSky/C_Sky_Horizon_Color.uasset" 230
"../../../Engine/Content/EngineSky/C_Sky_Zenith_Color.uasset" 231
"../../../Engine/Content/EngineSky/T_Sky_Blue.uasset" 232
"../../../Engine/Content/EngineSky/T_Sky_Clouds_M.uasset" 233
"../../../Engine/Content/EngineSky/T_Sky_Stars.uasset" 234
"../../../Engine/Content/EngineSky/M_Sky_Panning_Clouds2.uasset" 235
"../../../Engine/Content/EngineSky/SM_SkySphere.uasset" 236
"../../../Engine/Content/EngineSky/BP_Sky_Sphere.uasset" 237
"../../../../Users/fapoc/Documents/assettest/MyProject/Content/FirstPerson/Textures/FirstPersonCrosshair.uasset" 238
"../../../../Users/fapoc/Documents/assettest/MyProject/Content/FirstPersonBP/Blueprints/FirstPersonHUD.uasset" 239
"../../../../Users/fapoc/Documents/assettest/MyProject/Content/FirstPersonBP/Blueprints/FirstPersonGameMode.uasset" 240
"../../../../Users/fapoc/Documents/assettest/MyProject/Content/FirstPersonBP/Maps/FirstPersonExampleMap_BuiltData.uasset" 241
"../../../Engine/Content/Functions/Engine_MaterialFunctions03/Procedurals/ComputeFilterWidth.uasset" 242
"../../../Engine/Content/EngineMaterials/AntiAliasedTextMaterialTranslucent.uasset" 243
"../../../../Users/fapoc/Documents/assettest/MyProject/Content/FirstPerson/Meshes/CubeMaterialOverride.uasset" 244
"../../../../Users/fapoc/Documents/assettest/MyProject/Content/Geometry/Meshes/1M_Cube.uasset" 245
"../../../../Users/fapoc/Documents/assettest/MyProject/Content/TestAnim/Ch28_1001_Diffuse.uasset" 246
"../../../../Users/fapoc/Documents/assettest/MyProject/Content/TestAnim/Ch28_1001_Glossiness.uasset" 247
"../../../../Users/fapoc/Documents/assettest/MyProject/Content/TestAnim/Ch28_1001_Normal.uasset" 248
"../../../../Users/fapoc/Documents/assettest/MyProject/Content/TestAnim/Ch28_1001_Specular.uasset" 249
"../../../../Users/fapoc/Documents/assettest/MyProject/Content/TestAnim/Ch28_body.uasset" 250
"../../../../Users/fapoc/Documents/assettest/MyProject/Content/TestAnim/Ch28_hair.uasset" 251
"../../../../Users/fapoc/Documents/assettest/MyProject/Content/TestAnim/Rumba_Dancing_PhysicsAsset.uasset" 252
"../../../../Users/fapoc/Documents/assettest/MyProject/Content/TestAnim/Rumba_Dancing.uasset" 253
"../../../../Users/fapoc/Documents/assettest/MyProject/Content/FirstPersonBP/Maps/FirstPersonExampleMap.umap" 254
"../../../Engine/Content/Maps/Entry_BuiltData.uasset" 255
"../../../Engine/Content/Maps/Entry.umap" 256
